{"level":"INFO","message":"[10:59:54.404 AM]: Creating new connection object"}
{"level":"INFO","message":"[10:59:54.427 AM]: Creating Connection[id: a14225a3-7e44-4093-bb3e-dbaefea7a42f] with host: tghxayv-lx75239.snowflakecomputing.com, account: tghxayv-lx75239, accessUrl: https://tghxayv-lx75239.snowflakecomputing.com, user: DHARANI2006, role: undefined, database: HEALCHAIN_FRAUD, schema: PUBLIC, warehouse: COMPUTE_WH, proxy was not configured, password is provided, region: undefined, authenticator: SNOWFLAKE, ocsp mode: FAIL_OPEN, os: win32, os version: 10.0.26100"}
{"level":"INFO","message":"[10:59:54.429 AM]: Connection[id: a14225a3-7e44-4093-bb3e-dbaefea7a42f] additional details: passcode in password is provided, passcode is not provided, private key is not provided, application: undefined, client name: snowflake-sdk, client version: 2.3.1, retry timeout: 300, private key path: undefined, private key pass is not provided, client store temporary credential: false, browser response timeout: 120000"}
{"level":"INFO","message":"[10:59:54.431 AM]: Connection[id: a14225a3-7e44-4093-bb3e-dbaefea7a42f] - connection object created successfully."}
{"level":"INFO","message":"[10:59:54.433 AM]: Connection[id: a14225a3-7e44-4093-bb3e-dbaefea7a42f] - connecting. Associated Snowflake domain: GLOBAL"}
{"level":"INFO","message":"[10:59:54.435 AM]: Connection[id: a14225a3-7e44-4093-bb3e-dbaefea7a42f] - authentication successful using: SNOWFLAKE"}
{"level":"INFO","message":"[10:59:54.437 AM]: Trying to initialize Easy Logging"}
{"level":"INFO","message":"[10:59:54.446 AM]: No client config detected."}
{"level":"INFO","message":"[10:59:54.448 AM]: No config file path found. Client config will not be used."}
{"level":"INFO","message":"[10:59:54.450 AM]: Easy Logging is disabled as no config has been found"}
{"level":"INFO","message":"[10:59:54.465 AM]: Connection[id: a14225a3-7e44-4093-bb3e-dbaefea7a42f] - connected successfully after 31.64 milliseconds"}
{"level":"INFO","message":"[11:06:44.712 AM]: Creating new connection object"}
{"level":"INFO","message":"[11:06:44.724 AM]: Creating Connection[id: 95918599-a46f-4934-b336-2a5d6f21f6e8] with host: tghxayv-lx75239.snowflakecomputing.com, account: tghxayv-lx75239, accessUrl: https://tghxayv-lx75239.snowflakecomputing.com, user: DHARANI2006, role: undefined, database: HEALCHAIN_FRAUD, schema: PUBLIC, warehouse: COMPUTE_WH, proxy was not configured, password is provided, region: undefined, authenticator: SNOWFLAKE, ocsp mode: FAIL_OPEN, os: win32, os version: 10.0.26100"}
{"level":"INFO","message":"[11:06:44.726 AM]: Connection[id: 95918599-a46f-4934-b336-2a5d6f21f6e8] additional details: passcode in password is provided, passcode is not provided, private key is not provided, application: undefined, client name: snowflake-sdk, client version: 2.3.1, retry timeout: 300, private key path: undefined, private key pass is not provided, client store temporary credential: false, browser response timeout: 120000"}
{"level":"INFO","message":"[11:06:44.727 AM]: Connection[id: 95918599-a46f-4934-b336-2a5d6f21f6e8] - connection object created successfully."}
{"level":"INFO","message":"[11:06:44.728 AM]: Connection[id: 95918599-a46f-4934-b336-2a5d6f21f6e8] - connecting. Associated Snowflake domain: GLOBAL"}
{"level":"INFO","message":"[11:06:44.729 AM]: Connection[id: 95918599-a46f-4934-b336-2a5d6f21f6e8] - authentication successful using: SNOWFLAKE"}
{"level":"INFO","message":"[11:06:44.730 AM]: Trying to initialize Easy Logging"}
{"level":"INFO","message":"[11:06:44.737 AM]: No client config detected."}
{"level":"INFO","message":"[11:06:44.738 AM]: No config file path found. Client config will not be used."}
{"level":"INFO","message":"[11:06:44.740 AM]: Easy Logging is disabled as no config has been found"}
{"level":"INFO","message":"[11:06:44.745 AM]: Connection[id: 95918599-a46f-4934-b336-2a5d6f21f6e8] - connected successfully after 16.59 milliseconds"}
{"level":"INFO","message":"[11:11:09.367 AM]: Creating new connection object"}
{"level":"INFO","message":"[11:11:09.370 AM]: Creating Connection[id: 067d9be7-6192-43a9-b97e-5688fa505a53] with host: tghxayv-lx75239.snowflakecomputing.com, account: tghxayv-lx75239, accessUrl: https://tghxayv-lx75239.snowflakecomputing.com, user: DHARANI2006, role: undefined, database: HEALCHAIN_FRAUD, schema: PUBLIC, warehouse: COMPUTE_WH, proxy was not configured, password is provided, region: undefined, authenticator: SNOWFLAKE, ocsp mode: FAIL_OPEN, os: win32, os version: 10.0.26100"}
{"level":"INFO","message":"[11:11:09.371 AM]: Connection[id: 067d9be7-6192-43a9-b97e-5688fa505a53] additional details: passcode in password is provided, passcode is not provided, private key is not provided, application: undefined, client name: snowflake-sdk, client version: 2.3.1, retry timeout: 300, private key path: undefined, private key pass is not provided, client store temporary credential: false, browser response timeout: 120000"}
{"level":"INFO","message":"[11:11:09.372 AM]: Connection[id: 067d9be7-6192-43a9-b97e-5688fa505a53] - connection object created successfully."}
{"level":"INFO","message":"[11:11:09.372 AM]: Connection[id: 067d9be7-6192-43a9-b97e-5688fa505a53] - connecting. Associated Snowflake domain: GLOBAL"}
{"level":"INFO","message":"[11:11:09.373 AM]: Connection[id: 067d9be7-6192-43a9-b97e-5688fa505a53] - authentication successful using: SNOWFLAKE"}
{"level":"INFO","message":"[11:11:09.376 AM]: Connection[id: 067d9be7-6192-43a9-b97e-5688fa505a53] - connected successfully after 3.76 milliseconds"}
{"level":"INFO","message":"[11:11:12.107 AM]: Creating new connection object"}
{"level":"INFO","message":"[11:11:12.109 AM]: Creating Connection[id: 4b4e6872-ce75-41b7-9f33-e0d408855b6b] with host: tghxayv-lx75239.snowflakecomputing.com, account: tghxayv-lx75239, accessUrl: https://tghxayv-lx75239.snowflakecomputing.com, user: DHARANI2006, role: undefined, database: HEALCHAIN_FRAUD, schema: PUBLIC, warehouse: COMPUTE_WH, proxy was not configured, password is provided, region: undefined, authenticator: SNOWFLAKE, ocsp mode: FAIL_OPEN, os: win32, os version: 10.0.26100"}
{"level":"INFO","message":"[11:11:12.110 AM]: Connection[id: 4b4e6872-ce75-41b7-9f33-e0d408855b6b] additional details: passcode in password is provided, passcode is not provided, private key is not provided, application: undefined, client name: snowflake-sdk, client version: 2.3.1, retry timeout: 300, private key path: undefined, private key pass is not provided, client store temporary credential: false, browser response timeout: 120000"}
{"level":"INFO","message":"[11:11:12.111 AM]: Connection[id: 4b4e6872-ce75-41b7-9f33-e0d408855b6b] - connection object created successfully."}
{"level":"INFO","message":"[11:11:12.111 AM]: Connection[id: 4b4e6872-ce75-41b7-9f33-e0d408855b6b] - connecting. Associated Snowflake domain: GLOBAL"}
{"level":"INFO","message":"[11:11:12.112 AM]: Connection[id: 4b4e6872-ce75-41b7-9f33-e0d408855b6b] - authentication successful using: SNOWFLAKE"}
{"level":"INFO","message":"[11:11:12.114 AM]: Connection[id: 4b4e6872-ce75-41b7-9f33-e0d408855b6b] - connected successfully after 2.72 milliseconds"}
{"level":"INFO","message":"[11:11:13.719 AM]: Creating new connection object"}
{"level":"INFO","message":"[11:11:13.722 AM]: Creating Connection[id: f1c8129c-b1f0-4c53-9298-4ef68fadc816] with host: tghxayv-lx75239.snowflakecomputing.com, account: tghxayv-lx75239, accessUrl: https://tghxayv-lx75239.snowflakecomputing.com, user: DHARANI2006, role: undefined, database: HEALCHAIN_FRAUD, schema: PUBLIC, warehouse: COMPUTE_WH, proxy was not configured, password is provided, region: undefined, authenticator: SNOWFLAKE, ocsp mode: FAIL_OPEN, os: win32, os version: 10.0.26100"}
{"level":"INFO","message":"[11:11:13.722 AM]: Connection[id: f1c8129c-b1f0-4c53-9298-4ef68fadc816] additional details: passcode in password is provided, passcode is not provided, private key is not provided, application: undefined, client name: snowflake-sdk, client version: 2.3.1, retry timeout: 300, private key path: undefined, private key pass is not provided, client store temporary credential: false, browser response timeout: 120000"}
{"level":"INFO","message":"[11:11:13.723 AM]: Connection[id: f1c8129c-b1f0-4c53-9298-4ef68fadc816] - connection object created successfully."}
{"level":"INFO","message":"[11:11:13.723 AM]: Connection[id: f1c8129c-b1f0-4c53-9298-4ef68fadc816] - connecting. Associated Snowflake domain: GLOBAL"}
{"level":"INFO","message":"[11:11:13.724 AM]: Connection[id: f1c8129c-b1f0-4c53-9298-4ef68fadc816] - authentication successful using: SNOWFLAKE"}
{"level":"INFO","message":"[11:11:13.726 AM]: Connection[id: f1c8129c-b1f0-4c53-9298-4ef68fadc816] - connected successfully after 2.77 milliseconds"}
{"level":"INFO","message":"[11:11:14.147 AM]: Creating new connection object"}
{"level":"INFO","message":"[11:11:14.150 AM]: Creating Connection[id: 1c80f376-2dc2-4bd6-94f6-e56b1a5fa3c3] with host: tghxayv-lx75239.snowflakecomputing.com, account: tghxayv-lx75239, accessUrl: https://tghxayv-lx75239.snowflakecomputing.com, user: DHARANI2006, role: undefined, database: HEALCHAIN_FRAUD, schema: PUBLIC, warehouse: COMPUTE_WH, proxy was not configured, password is provided, region: undefined, authenticator: SNOWFLAKE, ocsp mode: FAIL_OPEN, os: win32, os version: 10.0.26100"}
{"level":"INFO","message":"[11:11:14.151 AM]: Connection[id: 1c80f376-2dc2-4bd6-94f6-e56b1a5fa3c3] additional details: passcode in password is provided, passcode is not provided, private key is not provided, application: undefined, client name: snowflake-sdk, client version: 2.3.1, retry timeout: 300, private key path: undefined, private key pass is not provided, client store temporary credential: false, browser response timeout: 120000"}
{"level":"INFO","message":"[11:11:14.151 AM]: Connection[id: 1c80f376-2dc2-4bd6-94f6-e56b1a5fa3c3] - connection object created successfully."}
{"level":"INFO","message":"[11:11:14.152 AM]: Connection[id: 1c80f376-2dc2-4bd6-94f6-e56b1a5fa3c3] - connecting. Associated Snowflake domain: GLOBAL"}
{"level":"INFO","message":"[11:11:14.153 AM]: Connection[id: 1c80f376-2dc2-4bd6-94f6-e56b1a5fa3c3] - authentication successful using: SNOWFLAKE"}
{"level":"INFO","message":"[11:11:14.156 AM]: Connection[id: 1c80f376-2dc2-4bd6-94f6-e56b1a5fa3c3] - connected successfully after 3.99 milliseconds"}
{"level":"INFO","message":"[11:13:01.131 AM]: Creating new connection object"}
{"level":"INFO","message":"[11:13:01.134 AM]: Creating Connection[id: 19c49bd0-980c-40b7-a88e-91725cc957ff] with host: tghxayv-lx75239.snowflakecomputing.com, account: tghxayv-lx75239, accessUrl: https://tghxayv-lx75239.snowflakecomputing.com, user: DHARANI2006, role: undefined, database: HEALCHAIN_FRAUD, schema: PUBLIC, warehouse: COMPUTE_WH, proxy was not configured, password is provided, region: undefined, authenticator: SNOWFLAKE, ocsp mode: FAIL_OPEN, os: win32, os version: 10.0.26100"}
{"level":"INFO","message":"[11:13:01.135 AM]: Connection[id: 19c49bd0-980c-40b7-a88e-91725cc957ff] additional details: passcode in password is provided, passcode is not provided, private key is not provided, application: undefined, client name: snowflake-sdk, client version: 2.3.1, retry timeout: 300, private key path: undefined, private key pass is not provided, client store temporary credential: false, browser response timeout: 120000"}
{"level":"INFO","message":"[11:13:01.136 AM]: Connection[id: 19c49bd0-980c-40b7-a88e-91725cc957ff] - connection object created successfully."}
{"level":"INFO","message":"[11:13:01.136 AM]: Connection[id: 19c49bd0-980c-40b7-a88e-91725cc957ff] - connecting. Associated Snowflake domain: GLOBAL"}
{"level":"INFO","message":"[11:13:01.137 AM]: Connection[id: 19c49bd0-980c-40b7-a88e-91725cc957ff] - authentication successful using: SNOWFLAKE"}
{"level":"INFO","message":"[11:13:01.140 AM]: Connection[id: 19c49bd0-980c-40b7-a88e-91725cc957ff] - connected successfully after 3.49 milliseconds"}
{"level":"INFO","message":"[11:13:02.206 AM]: Creating new connection object"}
{"level":"INFO","message":"[11:13:02.209 AM]: Creating Connection[id: 8f429557-208f-4dc1-b167-12f158e7e1f4] with host: tghxayv-lx75239.snowflakecomputing.com, account: tghxayv-lx75239, accessUrl: https://tghxayv-lx75239.snowflakecomputing.com, user: DHARANI2006, role: undefined, database: HEALCHAIN_FRAUD, schema: PUBLIC, warehouse: COMPUTE_WH, proxy was not configured, password is provided, region: undefined, authenticator: SNOWFLAKE, ocsp mode: FAIL_OPEN, os: win32, os version: 10.0.26100"}
{"level":"INFO","message":"[11:13:02.210 AM]: Connection[id: 8f429557-208f-4dc1-b167-12f158e7e1f4] additional details: passcode in password is provided, passcode is not provided, private key is not provided, application: undefined, client name: snowflake-sdk, client version: 2.3.1, retry timeout: 300, private key path: undefined, private key pass is not provided, client store temporary credential: false, browser response timeout: 120000"}
{"level":"INFO","message":"[11:13:02.211 AM]: Connection[id: 8f429557-208f-4dc1-b167-12f158e7e1f4] - connection object created successfully."}
{"level":"INFO","message":"[11:13:02.211 AM]: Connection[id: 8f429557-208f-4dc1-b167-12f158e7e1f4] - connecting. Associated Snowflake domain: GLOBAL"}
{"level":"INFO","message":"[11:13:02.212 AM]: Connection[id: 8f429557-208f-4dc1-b167-12f158e7e1f4] - authentication successful using: SNOWFLAKE"}
{"level":"INFO","message":"[11:13:02.214 AM]: Connection[id: 8f429557-208f-4dc1-b167-12f158e7e1f4] - connected successfully after 2.74 milliseconds"}
{"level":"INFO","message":"[11:13:02.713 AM]: Creating new connection object"}
{"level":"INFO","message":"[11:13:02.715 AM]: Creating Connection[id: 28793036-e00a-4b19-a6b1-95a63df18088] with host: tghxayv-lx75239.snowflakecomputing.com, account: tghxayv-lx75239, accessUrl: https://tghxayv-lx75239.snowflakecomputing.com, user: DHARANI2006, role: undefined, database: HEALCHAIN_FRAUD, schema: PUBLIC, warehouse: COMPUTE_WH, proxy was not configured, password is provided, region: undefined, authenticator: SNOWFLAKE, ocsp mode: FAIL_OPEN, os: win32, os version: 10.0.26100"}
{"level":"INFO","message":"[11:13:02.717 AM]: Connection[id: 28793036-e00a-4b19-a6b1-95a63df18088] additional details: passcode in password is provided, passcode is not provided, private key is not provided, application: undefined, client name: snowflake-sdk, client version: 2.3.1, retry timeout: 300, private key path: undefined, private key pass is not provided, client store temporary credential: false, browser response timeout: 120000"}
{"level":"INFO","message":"[11:13:02.717 AM]: Connection[id: 28793036-e00a-4b19-a6b1-95a63df18088] - connection object created successfully."}
{"level":"INFO","message":"[11:13:02.718 AM]: Connection[id: 28793036-e00a-4b19-a6b1-95a63df18088] - connecting. Associated Snowflake domain: GLOBAL"}
{"level":"INFO","message":"[11:13:02.719 AM]: Connection[id: 28793036-e00a-4b19-a6b1-95a63df18088] - authentication successful using: SNOWFLAKE"}
{"level":"INFO","message":"[11:13:02.720 AM]: Connection[id: 28793036-e00a-4b19-a6b1-95a63df18088] - connected successfully after 2.3 milliseconds"}
{"level":"INFO","message":"[11:13:03.221 AM]: Creating new connection object"}
{"level":"INFO","message":"[11:13:03.224 AM]: Creating Connection[id: 7f8d14d5-18b2-4e59-8b31-9811eb2eee95] with host: tghxayv-lx75239.snowflakecomputing.com, account: tghxayv-lx75239, accessUrl: https://tghxayv-lx75239.snowflakecomputing.com, user: DHARANI2006, role: undefined, database: HEALCHAIN_FRAUD, schema: PUBLIC, warehouse: COMPUTE_WH, proxy was not configured, password is provided, region: undefined, authenticator: SNOWFLAKE, ocsp mode: FAIL_OPEN, os: win32, os version: 10.0.26100"}
{"level":"INFO","message":"[11:13:03.225 AM]: Connection[id: 7f8d14d5-18b2-4e59-8b31-9811eb2eee95] additional details: passcode in password is provided, passcode is not provided, private key is not provided, application: undefined, client name: snowflake-sdk, client version: 2.3.1, retry timeout: 300, private key path: undefined, private key pass is not provided, client store temporary credential: false, browser response timeout: 120000"}
{"level":"INFO","message":"[11:13:03.226 AM]: Connection[id: 7f8d14d5-18b2-4e59-8b31-9811eb2eee95] - connection object created successfully."}
{"level":"INFO","message":"[11:13:03.226 AM]: Connection[id: 7f8d14d5-18b2-4e59-8b31-9811eb2eee95] - connecting. Associated Snowflake domain: GLOBAL"}
{"level":"INFO","message":"[11:13:03.227 AM]: Connection[id: 7f8d14d5-18b2-4e59-8b31-9811eb2eee95] - authentication successful using: SNOWFLAKE"}
{"level":"INFO","message":"[11:13:03.230 AM]: Connection[id: 7f8d14d5-18b2-4e59-8b31-9811eb2eee95] - connected successfully after 3.85 milliseconds"}
{"level":"INFO","message":"[11:38:43.776 AM]: Creating new connection object"}
{"level":"INFO","message":"[11:38:43.846 AM]: Creating Connection[id: d2b140a2-8d29-4000-9402-bfa3e4bc7a8e] with host: tghxayv-lx75239.snowflakecomputing.com, account: tghxayv-lx75239, accessUrl: https://tghxayv-lx75239.snowflakecomputing.com, user: DHARANI2006, role: undefined, database: HEALCHAIN_FRAUD, schema: PUBLIC, warehouse: COMPUTE_WH, proxy was not configured, password is provided, region: undefined, authenticator: SNOWFLAKE, ocsp mode: FAIL_OPEN, os: win32, os version: 10.0.26100"}
{"level":"INFO","message":"[11:38:43.850 AM]: Connection[id: d2b140a2-8d29-4000-9402-bfa3e4bc7a8e] additional details: passcode in password is provided, passcode is not provided, private key is not provided, application: undefined, client name: snowflake-sdk, client version: 2.3.1, retry timeout: 300, private key path: undefined, private key pass is not provided, client store temporary credential: false, browser response timeout: 120000"}
{"level":"INFO","message":"[11:38:43.853 AM]: Connection[id: d2b140a2-8d29-4000-9402-bfa3e4bc7a8e] - connection object created successfully."}
{"level":"INFO","message":"[11:38:43.857 AM]: Connection[id: d2b140a2-8d29-4000-9402-bfa3e4bc7a8e] - connecting. Associated Snowflake domain: GLOBAL"}
{"level":"INFO","message":"[11:38:43.860 AM]: Connection[id: d2b140a2-8d29-4000-9402-bfa3e4bc7a8e] - authentication successful using: SNOWFLAKE"}
{"level":"INFO","message":"[11:38:43.865 AM]: Trying to initialize Easy Logging"}
{"level":"INFO","message":"[11:38:43.888 AM]: No client config detected."}
{"level":"INFO","message":"[11:38:43.891 AM]: No config file path found. Client config will not be used."}
{"level":"INFO","message":"[11:38:43.895 AM]: Easy Logging is disabled as no config has been found"}
{"level":"INFO","message":"[11:38:43.918 AM]: Connection[id: d2b140a2-8d29-4000-9402-bfa3e4bc7a8e] - connected successfully after 61.82 milliseconds"}
{"level":"INFO","message":"[11:38:47.844 AM]: Creating new connection object"}
{"level":"INFO","message":"[11:38:47.847 AM]: Creating Connection[id: d24e88e0-bf3f-4987-bbdc-e75c039b2734] with host: tghxayv-lx75239.snowflakecomputing.com, account: tghxayv-lx75239, accessUrl: https://tghxayv-lx75239.snowflakecomputing.com, user: DHARANI2006, role: undefined, database: HEALCHAIN_FRAUD, schema: PUBLIC, warehouse: COMPUTE_WH, proxy was not configured, password is provided, region: undefined, authenticator: SNOWFLAKE, ocsp mode: FAIL_OPEN, os: win32, os version: 10.0.26100"}
{"level":"INFO","message":"[11:38:47.847 AM]: Connection[id: d24e88e0-bf3f-4987-bbdc-e75c039b2734] additional details: passcode in password is provided, passcode is not provided, private key is not provided, application: undefined, client name: snowflake-sdk, client version: 2.3.1, retry timeout: 300, private key path: undefined, private key pass is not provided, client store temporary credential: false, browser response timeout: 120000"}
{"level":"INFO","message":"[11:38:47.848 AM]: Connection[id: d24e88e0-bf3f-4987-bbdc-e75c039b2734] - connection object created successfully."}
{"level":"INFO","message":"[11:38:47.849 AM]: Connection[id: d24e88e0-bf3f-4987-bbdc-e75c039b2734] - connecting. Associated Snowflake domain: GLOBAL"}
{"level":"INFO","message":"[11:38:47.849 AM]: Connection[id: d24e88e0-bf3f-4987-bbdc-e75c039b2734] - authentication successful using: SNOWFLAKE"}
{"level":"INFO","message":"[11:38:47.852 AM]: Connection[id: d24e88e0-bf3f-4987-bbdc-e75c039b2734] - connected successfully after 2.94 milliseconds"}
{"level":"INFO","message":"[11:38:49.662 AM]: Creating new connection object"}
{"level":"INFO","message":"[11:38:49.664 AM]: Creating Connection[id: 00b6e045-7f4c-416b-8aaa-6cc0c1f0e9cb] with host: tghxayv-lx75239.snowflakecomputing.com, account: tghxayv-lx75239, accessUrl: https://tghxayv-lx75239.snowflakecomputing.com, user: DHARANI2006, role: undefined, database: HEALCHAIN_FRAUD, schema: PUBLIC, warehouse: COMPUTE_WH, proxy was not configured, password is provided, region: undefined, authenticator: SNOWFLAKE, ocsp mode: FAIL_OPEN, os: win32, os version: 10.0.26100"}
{"level":"INFO","message":"[11:38:49.665 AM]: Connection[id: 00b6e045-7f4c-416b-8aaa-6cc0c1f0e9cb] additional details: passcode in password is provided, passcode is not provided, private key is not provided, application: undefined, client name: snowflake-sdk, client version: 2.3.1, retry timeout: 300, private key path: undefined, private key pass is not provided, client store temporary credential: false, browser response timeout: 120000"}
{"level":"INFO","message":"[11:38:49.666 AM]: Connection[id: 00b6e045-7f4c-416b-8aaa-6cc0c1f0e9cb] - connection object created successfully."}
{"level":"INFO","message":"[11:38:49.667 AM]: Connection[id: 00b6e045-7f4c-416b-8aaa-6cc0c1f0e9cb] - connecting. Associated Snowflake domain: GLOBAL"}
{"level":"INFO","message":"[11:38:49.668 AM]: Connection[id: 00b6e045-7f4c-416b-8aaa-6cc0c1f0e9cb] - authentication successful using: SNOWFLAKE"}
{"level":"INFO","message":"[11:38:49.670 AM]: Connection[id: 00b6e045-7f4c-416b-8aaa-6cc0c1f0e9cb] - connected successfully after 2.9 milliseconds"}
{"level":"INFO","message":"[11:38:50.137 AM]: Creating new connection object"}
{"level":"INFO","message":"[11:38:50.139 AM]: Creating Connection[id: 4d51af8e-8d9d-4392-a989-76a14a9e66eb] with host: tghxayv-lx75239.snowflakecomputing.com, account: tghxayv-lx75239, accessUrl: https://tghxayv-lx75239.snowflakecomputing.com, user: DHARANI2006, role: undefined, database: HEALCHAIN_FRAUD, schema: PUBLIC, warehouse: COMPUTE_WH, proxy was not configured, password is provided, region: undefined, authenticator: SNOWFLAKE, ocsp mode: FAIL_OPEN, os: win32, os version: 10.0.26100"}
{"level":"INFO","message":"[11:38:50.140 AM]: Connection[id: 4d51af8e-8d9d-4392-a989-76a14a9e66eb] additional details: passcode in password is provided, passcode is not provided, private key is not provided, application: undefined, client name: snowflake-sdk, client version: 2.3.1, retry timeout: 300, private key path: undefined, private key pass is not provided, client store temporary credential: false, browser response timeout: 120000"}
{"level":"INFO","message":"[11:38:50.141 AM]: Connection[id: 4d51af8e-8d9d-4392-a989-76a14a9e66eb] - connection object created successfully."}
{"level":"INFO","message":"[11:38:50.142 AM]: Connection[id: 4d51af8e-8d9d-4392-a989-76a14a9e66eb] - connecting. Associated Snowflake domain: GLOBAL"}
{"level":"INFO","message":"[11:38:50.142 AM]: Connection[id: 4d51af8e-8d9d-4392-a989-76a14a9e66eb] - authentication successful using: SNOWFLAKE"}
{"level":"INFO","message":"[11:38:50.145 AM]: Connection[id: 4d51af8e-8d9d-4392-a989-76a14a9e66eb] - connected successfully after 3.23 milliseconds"}
{"level":"INFO","message":"[11:39:45.343 AM]: Creating new connection object"}
{"level":"INFO","message":"[11:39:45.345 AM]: Creating Connection[id: 00dd876b-6200-43d2-b801-6b24e9b2dc54] with host: tghxayv-lx75239.snowflakecomputing.com, account: tghxayv-lx75239, accessUrl: https://tghxayv-lx75239.snowflakecomputing.com, user: DHARANI2006, role: undefined, database: HEALCHAIN_FRAUD, schema: PUBLIC, warehouse: COMPUTE_WH, proxy was not configured, password is provided, region: undefined, authenticator: SNOWFLAKE, ocsp mode: FAIL_OPEN, os: win32, os version: 10.0.26100"}
{"level":"INFO","message":"[11:39:45.346 AM]: Connection[id: 00dd876b-6200-43d2-b801-6b24e9b2dc54] additional details: passcode in password is provided, passcode is not provided, private key is not provided, application: undefined, client name: snowflake-sdk, client version: 2.3.1, retry timeout: 300, private key path: undefined, private key pass is not provided, client store temporary credential: false, browser response timeout: 120000"}
{"level":"INFO","message":"[11:39:45.347 AM]: Connection[id: 00dd876b-6200-43d2-b801-6b24e9b2dc54] - connection object created successfully."}
{"level":"INFO","message":"[11:39:45.348 AM]: Connection[id: 00dd876b-6200-43d2-b801-6b24e9b2dc54] - connecting. Associated Snowflake domain: GLOBAL"}
{"level":"INFO","message":"[11:39:45.348 AM]: Connection[id: 00dd876b-6200-43d2-b801-6b24e9b2dc54] - authentication successful using: SNOWFLAKE"}
{"level":"INFO","message":"[11:39:45.351 AM]: Connection[id: 00dd876b-6200-43d2-b801-6b24e9b2dc54] - connected successfully after 2.91 milliseconds"}
{"level":"INFO","message":"[11:39:46.531 AM]: Creating new connection object"}
{"level":"INFO","message":"[11:39:46.533 AM]: Creating Connection[id: d3081aec-6161-4210-b486-0dd6d771e3e7] with host: tghxayv-lx75239.snowflakecomputing.com, account: tghxayv-lx75239, accessUrl: https://tghxayv-lx75239.snowflakecomputing.com, user: DHARANI2006, role: undefined, database: HEALCHAIN_FRAUD, schema: PUBLIC, warehouse: COMPUTE_WH, proxy was not configured, password is provided, region: undefined, authenticator: SNOWFLAKE, ocsp mode: FAIL_OPEN, os: win32, os version: 10.0.26100"}
{"level":"INFO","message":"[11:39:46.534 AM]: Connection[id: d3081aec-6161-4210-b486-0dd6d771e3e7] additional details: passcode in password is provided, passcode is not provided, private key is not provided, application: undefined, client name: snowflake-sdk, client version: 2.3.1, retry timeout: 300, private key path: undefined, private key pass is not provided, client store temporary credential: false, browser response timeout: 120000"}
{"level":"INFO","message":"[11:39:46.534 AM]: Connection[id: d3081aec-6161-4210-b486-0dd6d771e3e7] - connection object created successfully."}
{"level":"INFO","message":"[11:39:46.535 AM]: Connection[id: d3081aec-6161-4210-b486-0dd6d771e3e7] - connecting. Associated Snowflake domain: GLOBAL"}
{"level":"INFO","message":"[11:39:46.535 AM]: Connection[id: d3081aec-6161-4210-b486-0dd6d771e3e7] - authentication successful using: SNOWFLAKE"}
{"level":"INFO","message":"[11:39:46.537 AM]: Connection[id: d3081aec-6161-4210-b486-0dd6d771e3e7] - connected successfully after 2.46 milliseconds"}
{"level":"INFO","message":"[11:39:47.007 AM]: Creating new connection object"}
{"level":"INFO","message":"[11:39:47.011 AM]: Creating Connection[id: 51ec6c31-0852-4078-87e0-589e12f3095c] with host: tghxayv-lx75239.snowflakecomputing.com, account: tghxayv-lx75239, accessUrl: https://tghxayv-lx75239.snowflakecomputing.com, user: DHARANI2006, role: undefined, database: HEALCHAIN_FRAUD, schema: PUBLIC, warehouse: COMPUTE_WH, proxy was not configured, password is provided, region: undefined, authenticator: SNOWFLAKE, ocsp mode: FAIL_OPEN, os: win32, os version: 10.0.26100"}
{"level":"INFO","message":"[11:39:47.012 AM]: Connection[id: 51ec6c31-0852-4078-87e0-589e12f3095c] additional details: passcode in password is provided, passcode is not provided, private key is not provided, application: undefined, client name: snowflake-sdk, client version: 2.3.1, retry timeout: 300, private key path: undefined, private key pass is not provided, client store temporary credential: false, browser response timeout: 120000"}
{"level":"INFO","message":"[11:39:47.013 AM]: Connection[id: 51ec6c31-0852-4078-87e0-589e12f3095c] - connection object created successfully."}
{"level":"INFO","message":"[11:39:47.014 AM]: Connection[id: 51ec6c31-0852-4078-87e0-589e12f3095c] - connecting. Associated Snowflake domain: GLOBAL"}
{"level":"INFO","message":"[11:39:47.015 AM]: Connection[id: 51ec6c31-0852-4078-87e0-589e12f3095c] - authentication successful using: SNOWFLAKE"}
{"level":"INFO","message":"[11:39:47.018 AM]: Connection[id: 51ec6c31-0852-4078-87e0-589e12f3095c] - connected successfully after 3.52 milliseconds"}
{"level":"INFO","message":"[11:39:47.313 AM]: Creating new connection object"}
{"level":"INFO","message":"[11:39:47.315 AM]: Creating Connection[id: d2f4965d-3c0f-4fa7-9ba8-6d899a69f281] with host: tghxayv-lx75239.snowflakecomputing.com, account: tghxayv-lx75239, accessUrl: https://tghxayv-lx75239.snowflakecomputing.com, user: DHARANI2006, role: undefined, database: HEALCHAIN_FRAUD, schema: PUBLIC, warehouse: COMPUTE_WH, proxy was not configured, password is provided, region: undefined, authenticator: SNOWFLAKE, ocsp mode: FAIL_OPEN, os: win32, os version: 10.0.26100"}
{"level":"INFO","message":"[11:39:47.316 AM]: Connection[id: d2f4965d-3c0f-4fa7-9ba8-6d899a69f281] additional details: passcode in password is provided, passcode is not provided, private key is not provided, application: undefined, client name: snowflake-sdk, client version: 2.3.1, retry timeout: 300, private key path: undefined, private key pass is not provided, client store temporary credential: false, browser response timeout: 120000"}
{"level":"INFO","message":"[11:39:47.317 AM]: Connection[id: d2f4965d-3c0f-4fa7-9ba8-6d899a69f281] - connection object created successfully."}
{"level":"INFO","message":"[11:39:47.317 AM]: Connection[id: d2f4965d-3c0f-4fa7-9ba8-6d899a69f281] - connecting. Associated Snowflake domain: GLOBAL"}
{"level":"INFO","message":"[11:39:47.318 AM]: Connection[id: d2f4965d-3c0f-4fa7-9ba8-6d899a69f281] - authentication successful using: SNOWFLAKE"}
{"level":"INFO","message":"[11:39:47.320 AM]: Connection[id: d2f4965d-3c0f-4fa7-9ba8-6d899a69f281] - connected successfully after 2.47 milliseconds"}
{"level":"INFO","message":"[11:40:47.609 AM]: Creating new connection object"}
{"level":"INFO","message":"[11:40:47.612 AM]: Creating Connection[id: f23df491-4b68-4de0-9343-e1fd59387891] with host: tghxayv-lx75239.snowflakecomputing.com, account: tghxayv-lx75239, accessUrl: https://tghxayv-lx75239.snowflakecomputing.com, user: DHARANI2006, role: undefined, database: HEALCHAIN_FRAUD, schema: PUBLIC, warehouse: COMPUTE_WH, proxy was not configured, password is provided, region: undefined, authenticator: SNOWFLAKE, ocsp mode: FAIL_OPEN, os: win32, os version: 10.0.26100"}
{"level":"INFO","message":"[11:40:47.613 AM]: Connection[id: f23df491-4b68-4de0-9343-e1fd59387891] additional details: passcode in password is provided, passcode is not provided, private key is not provided, application: undefined, client name: snowflake-sdk, client version: 2.3.1, retry timeout: 300, private key path: undefined, private key pass is not provided, client store temporary credential: false, browser response timeout: 120000"}
{"level":"INFO","message":"[11:40:47.614 AM]: Connection[id: f23df491-4b68-4de0-9343-e1fd59387891] - connection object created successfully."}
{"level":"INFO","message":"[11:40:47.615 AM]: Connection[id: f23df491-4b68-4de0-9343-e1fd59387891] - connecting. Associated Snowflake domain: GLOBAL"}
{"level":"INFO","message":"[11:40:47.616 AM]: Connection[id: f23df491-4b68-4de0-9343-e1fd59387891] - authentication successful using: SNOWFLAKE"}
{"level":"INFO","message":"[11:40:47.619 AM]: Connection[id: f23df491-4b68-4de0-9343-e1fd59387891] - connected successfully after 4.5 milliseconds"}
{"level":"INFO","message":"[11:40:48.449 AM]: Creating new connection object"}
{"level":"INFO","message":"[11:40:48.451 AM]: Creating Connection[id: 90281e66-7bed-4d22-9518-c251e7f65c79] with host: tghxayv-lx75239.snowflakecomputing.com, account: tghxayv-lx75239, accessUrl: https://tghxayv-lx75239.snowflakecomputing.com, user: DHARANI2006, role: undefined, database: HEALCHAIN_FRAUD, schema: PUBLIC, warehouse: COMPUTE_WH, proxy was not configured, password is provided, region: undefined, authenticator: SNOWFLAKE, ocsp mode: FAIL_OPEN, os: win32, os version: 10.0.26100"}
{"level":"INFO","message":"[11:40:48.452 AM]: Connection[id: 90281e66-7bed-4d22-9518-c251e7f65c79] additional details: passcode in password is provided, passcode is not provided, private key is not provided, application: undefined, client name: snowflake-sdk, client version: 2.3.1, retry timeout: 300, private key path: undefined, private key pass is not provided, client store temporary credential: false, browser response timeout: 120000"}
{"level":"INFO","message":"[11:40:48.452 AM]: Connection[id: 90281e66-7bed-4d22-9518-c251e7f65c79] - connection object created successfully."}
{"level":"INFO","message":"[11:40:48.453 AM]: Connection[id: 90281e66-7bed-4d22-9518-c251e7f65c79] - connecting. Associated Snowflake domain: GLOBAL"}
{"level":"INFO","message":"[11:40:48.454 AM]: Connection[id: 90281e66-7bed-4d22-9518-c251e7f65c79] - authentication successful using: SNOWFLAKE"}
{"level":"INFO","message":"[11:40:48.456 AM]: Connection[id: 90281e66-7bed-4d22-9518-c251e7f65c79] - connected successfully after 3.14 milliseconds"}
{"level":"INFO","message":"[11:40:49.061 AM]: Creating new connection object"}
{"level":"INFO","message":"[11:40:49.063 AM]: Creating Connection[id: 82286916-3b8a-48b5-be9e-16e95e3b62f7] with host: tghxayv-lx75239.snowflakecomputing.com, account: tghxayv-lx75239, accessUrl: https://tghxayv-lx75239.snowflakecomputing.com, user: DHARANI2006, role: undefined, database: HEALCHAIN_FRAUD, schema: PUBLIC, warehouse: COMPUTE_WH, proxy was not configured, password is provided, region: undefined, authenticator: SNOWFLAKE, ocsp mode: FAIL_OPEN, os: win32, os version: 10.0.26100"}
{"level":"INFO","message":"[11:40:49.064 AM]: Connection[id: 82286916-3b8a-48b5-be9e-16e95e3b62f7] additional details: passcode in password is provided, passcode is not provided, private key is not provided, application: undefined, client name: snowflake-sdk, client version: 2.3.1, retry timeout: 300, private key path: undefined, private key pass is not provided, client store temporary credential: false, browser response timeout: 120000"}
{"level":"INFO","message":"[11:40:49.064 AM]: Connection[id: 82286916-3b8a-48b5-be9e-16e95e3b62f7] - connection object created successfully."}
{"level":"INFO","message":"[11:40:49.065 AM]: Connection[id: 82286916-3b8a-48b5-be9e-16e95e3b62f7] - connecting. Associated Snowflake domain: GLOBAL"}
{"level":"INFO","message":"[11:40:49.066 AM]: Connection[id: 82286916-3b8a-48b5-be9e-16e95e3b62f7] - authentication successful using: SNOWFLAKE"}
{"level":"INFO","message":"[11:40:49.068 AM]: Connection[id: 82286916-3b8a-48b5-be9e-16e95e3b62f7] - connected successfully after 2.62 milliseconds"}
{"level":"INFO","message":"[11:40:49.470 AM]: Creating new connection object"}
{"level":"INFO","message":"[11:40:49.472 AM]: Creating Connection[id: 0d3da561-795b-46ee-802a-f86afe1de4b5] with host: tghxayv-lx75239.snowflakecomputing.com, account: tghxayv-lx75239, accessUrl: https://tghxayv-lx75239.snowflakecomputing.com, user: DHARANI2006, role: undefined, database: HEALCHAIN_FRAUD, schema: PUBLIC, warehouse: COMPUTE_WH, proxy was not configured, password is provided, region: undefined, authenticator: SNOWFLAKE, ocsp mode: FAIL_OPEN, os: win32, os version: 10.0.26100"}
{"level":"INFO","message":"[11:40:49.473 AM]: Connection[id: 0d3da561-795b-46ee-802a-f86afe1de4b5] additional details: passcode in password is provided, passcode is not provided, private key is not provided, application: undefined, client name: snowflake-sdk, client version: 2.3.1, retry timeout: 300, private key path: undefined, private key pass is not provided, client store temporary credential: false, browser response timeout: 120000"}
{"level":"INFO","message":"[11:40:49.474 AM]: Connection[id: 0d3da561-795b-46ee-802a-f86afe1de4b5] - connection object created successfully."}
{"level":"INFO","message":"[11:40:49.474 AM]: Connection[id: 0d3da561-795b-46ee-802a-f86afe1de4b5] - connecting. Associated Snowflake domain: GLOBAL"}
{"level":"INFO","message":"[11:40:49.475 AM]: Connection[id: 0d3da561-795b-46ee-802a-f86afe1de4b5] - authentication successful using: SNOWFLAKE"}
{"level":"INFO","message":"[11:40:49.478 AM]: Connection[id: 0d3da561-795b-46ee-802a-f86afe1de4b5] - connected successfully after 3.07 milliseconds"}
{"level":"INFO","message":"[1:45:28.843 PM]: Creating new connection object"}
{"level":"INFO","message":"[1:45:28.877 PM]: Creating Connection[id: 1c9ce0d6-9fa6-4f4a-a124-0200ec24b88b] with host: tghxayv-lx75239.snowflakecomputing.com, account: tghxayv-lx75239, accessUrl: https://tghxayv-lx75239.snowflakecomputing.com, user: DHARANI2006, role: undefined, database: HEALCHAIN_FRAUD, schema: PUBLIC, warehouse: COMPUTE_WH, proxy was not configured, password is provided, region: undefined, authenticator: SNOWFLAKE, ocsp mode: FAIL_OPEN, os: win32, os version: 10.0.26100"}
{"level":"INFO","message":"[1:45:28.880 PM]: Connection[id: 1c9ce0d6-9fa6-4f4a-a124-0200ec24b88b] additional details: passcode in password is provided, passcode is not provided, private key is not provided, application: undefined, client name: snowflake-sdk, client version: 2.3.1, retry timeout: 300, private key path: undefined, private key pass is not provided, client store temporary credential: false, browser response timeout: 120000"}
{"level":"INFO","message":"[1:45:28.881 PM]: Connection[id: 1c9ce0d6-9fa6-4f4a-a124-0200ec24b88b] - connection object created successfully."}
{"level":"INFO","message":"[1:45:28.883 PM]: Connection[id: 1c9ce0d6-9fa6-4f4a-a124-0200ec24b88b] - connecting. Associated Snowflake domain: GLOBAL"}
{"level":"INFO","message":"[1:45:28.884 PM]: Connection[id: 1c9ce0d6-9fa6-4f4a-a124-0200ec24b88b] - authentication successful using: SNOWFLAKE"}
{"level":"INFO","message":"[1:45:28.886 PM]: Trying to initialize Easy Logging"}
{"level":"INFO","message":"[1:45:28.894 PM]: No client config detected."}
{"level":"INFO","message":"[1:45:28.895 PM]: No config file path found. Client config will not be used."}
{"level":"INFO","message":"[1:45:28.897 PM]: Easy Logging is disabled as no config has been found"}
{"level":"INFO","message":"[1:45:28.909 PM]: Connection[id: 1c9ce0d6-9fa6-4f4a-a124-0200ec24b88b] - connected successfully after 26.18 milliseconds"}
{"level":"INFO","message":"[1:45:33.645 PM]: Creating new connection object"}
{"level":"INFO","message":"[1:45:33.648 PM]: Creating Connection[id: a86fc2dd-4d0a-40d3-b3dc-0a68002684ff] with host: tghxayv-lx75239.snowflakecomputing.com, account: tghxayv-lx75239, accessUrl: https://tghxayv-lx75239.snowflakecomputing.com, user: DHARANI2006, role: undefined, database: HEALCHAIN_FRAUD, schema: PUBLIC, warehouse: COMPUTE_WH, proxy was not configured, password is provided, region: undefined, authenticator: SNOWFLAKE, ocsp mode: FAIL_OPEN, os: win32, os version: 10.0.26100"}
{"level":"INFO","message":"[1:45:33.648 PM]: Connection[id: a86fc2dd-4d0a-40d3-b3dc-0a68002684ff] additional details: passcode in password is provided, passcode is not provided, private key is not provided, application: undefined, client name: snowflake-sdk, client version: 2.3.1, retry timeout: 300, private key path: undefined, private key pass is not provided, client store temporary credential: false, browser response timeout: 120000"}
{"level":"INFO","message":"[1:45:33.649 PM]: Connection[id: a86fc2dd-4d0a-40d3-b3dc-0a68002684ff] - connection object created successfully."}
{"level":"INFO","message":"[1:45:33.650 PM]: Connection[id: a86fc2dd-4d0a-40d3-b3dc-0a68002684ff] - connecting. Associated Snowflake domain: GLOBAL"}
{"level":"INFO","message":"[1:45:33.651 PM]: Connection[id: a86fc2dd-4d0a-40d3-b3dc-0a68002684ff] - authentication successful using: SNOWFLAKE"}
{"level":"INFO","message":"[1:45:33.653 PM]: Connection[id: a86fc2dd-4d0a-40d3-b3dc-0a68002684ff] - connected successfully after 2.93 milliseconds"}
{"level":"INFO","message":"[1:45:35.815 PM]: Creating new connection object"}
{"level":"INFO","message":"[1:45:35.817 PM]: Creating Connection[id: 6544af66-0a3d-4c93-bbac-308cbe5c710f] with host: tghxayv-lx75239.snowflakecomputing.com, account: tghxayv-lx75239, accessUrl: https://tghxayv-lx75239.snowflakecomputing.com, user: DHARANI2006, role: undefined, database: HEALCHAIN_FRAUD, schema: PUBLIC, warehouse: COMPUTE_WH, proxy was not configured, password is provided, region: undefined, authenticator: SNOWFLAKE, ocsp mode: FAIL_OPEN, os: win32, os version: 10.0.26100"}
{"level":"INFO","message":"[1:45:35.817 PM]: Connection[id: 6544af66-0a3d-4c93-bbac-308cbe5c710f] additional details: passcode in password is provided, passcode is not provided, private key is not provided, application: undefined, client name: snowflake-sdk, client version: 2.3.1, retry timeout: 300, private key path: undefined, private key pass is not provided, client store temporary credential: false, browser response timeout: 120000"}
{"level":"INFO","message":"[1:45:35.817 PM]: Connection[id: 6544af66-0a3d-4c93-bbac-308cbe5c710f] - connection object created successfully."}
{"level":"INFO","message":"[1:45:35.818 PM]: Connection[id: 6544af66-0a3d-4c93-bbac-308cbe5c710f] - connecting. Associated Snowflake domain: GLOBAL"}
{"level":"INFO","message":"[1:45:35.818 PM]: Connection[id: 6544af66-0a3d-4c93-bbac-308cbe5c710f] - authentication successful using: SNOWFLAKE"}
{"level":"INFO","message":"[1:45:35.819 PM]: Connection[id: 6544af66-0a3d-4c93-bbac-308cbe5c710f] - connected successfully after 1.17 milliseconds"}
{"level":"INFO","message":"[1:45:36.151 PM]: Creating new connection object"}
{"level":"INFO","message":"[1:45:36.153 PM]: Creating Connection[id: 92bd3878-4beb-44d0-b033-fcaaa05fb015] with host: tghxayv-lx75239.snowflakecomputing.com, account: tghxayv-lx75239, accessUrl: https://tghxayv-lx75239.snowflakecomputing.com, user: DHARANI2006, role: undefined, database: HEALCHAIN_FRAUD, schema: PUBLIC, warehouse: COMPUTE_WH, proxy was not configured, password is provided, region: undefined, authenticator: SNOWFLAKE, ocsp mode: FAIL_OPEN, os: win32, os version: 10.0.26100"}
{"level":"INFO","message":"[1:45:36.153 PM]: Connection[id: 92bd3878-4beb-44d0-b033-fcaaa05fb015] additional details: passcode in password is provided, passcode is not provided, private key is not provided, application: undefined, client name: snowflake-sdk, client version: 2.3.1, retry timeout: 300, private key path: undefined, private key pass is not provided, client store temporary credential: false, browser response timeout: 120000"}
{"level":"INFO","message":"[1:45:36.154 PM]: Connection[id: 92bd3878-4beb-44d0-b033-fcaaa05fb015] - connection object created successfully."}
{"level":"INFO","message":"[1:45:36.154 PM]: Connection[id: 92bd3878-4beb-44d0-b033-fcaaa05fb015] - connecting. Associated Snowflake domain: GLOBAL"}
{"level":"INFO","message":"[1:45:36.155 PM]: Connection[id: 92bd3878-4beb-44d0-b033-fcaaa05fb015] - authentication successful using: SNOWFLAKE"}
{"level":"INFO","message":"[1:45:36.156 PM]: Connection[id: 92bd3878-4beb-44d0-b033-fcaaa05fb015] - connected successfully after 2.19 milliseconds"}
